# JRE version: Java(TM) SE Runtime Environment (8.0_45-b14) (build 1.8.0_45-b14)
# Java VM: Java HotSpot(TM) 64-Bit Server VM (25.45-b02 mixed mode linux-amd64 compressed oops)
Heap:
 PSYoungGen      total 3473408K, used 1000817K [0x0000000595580000, 0x000000072e580000, 0x00000007c0000000)
  eden space 564736K, 0% used [0x0000000595580000,0x0000000595580000,0x00000005b7d00000)
  from space 2908672K, 34% used [0x000000066fa00000,0x00000006acb5c4d0,0x0000000721280000)
  to   space 3011584K, 0% used [0x00000005b7d00000,0x00000005b7d00000,0x000000066fa00000)
 ParOldGen       total 13604864K, used 13604562K [0x0000000140000000, 0x000000047e600000, 0x0000000595580000)
  object space 13604864K, 99% used [0x0000000140000000,0x000000047e5b4910,0x000000047e600000)
 Metaspace       used 70119K, capacity 70650K, committed 70804K, reserved 1110016K
  class space    used 10285K, capacity 10426K, committed 10428K, reserved 1048576K
GC Heap History (10 events):
Event: 198.562 GC heap after
Heap after GC invocations=36 (full 10):
 PSYoungGen      total 2819072K, used 763904K [0x0000000595580000, 0x00000006c2700000, 0x00000007c0000000)
  eden space 914944K, 0% used [0x0000000595580000,0x0000000595580000,0x00000005cd300000)
  from space 1904128K, 40% used [0x000000064e380000,0x000000067cd80000,0x00000006c2700000)
  to   space 2009088K, 0% used [0x00000005cd300000,0x00000005cd300000,0x0000000647d00000)
 ParOldGen       total 13604864K, used 11095460K [0x0000000140000000, 0x000000047e600000, 0x0000000595580000)
  object space 13604864K, 81% used [0x0000000140000000,0x00000003e5369320,0x000000047e600000)
 Metaspace       used 70118K, capacity 70650K, committed 70804K, reserved 1110016K
  class space    used 10285K, capacity 10426K, committed 10428K, reserved 1048576K
}
Event: 199.295 GC heap before
{Heap before GC invocations=37 (full 10):
 PSYoungGen      total 2819072K, used 1678848K [0x0000000595580000, 0x00000006c2700000, 0x00000007c0000000)
  eden space 914944K, 100% used [0x0000000595580000,0x00000005cd300000,0x00000005cd300000)
  from space 1904128K, 40% used [0x000000064e380000,0x000000067cd80000,0x00000006c2700000)
  to   space 2009088K, 0% used [0x00000005cd300000,0x00000005cd300000,0x0000000647d00000)
 ParOldGen       total 13604864K, used 11095460K [0x0000000140000000, 0x000000047e600000, 0x0000000595580000)
  object space 13604864K, 81% used [0x0000000140000000,0x00000003e5369320,0x000000047e600000)
 Metaspace       used 70118K, capacity 70650K, committed 70804K, reserved 1110016K
  class space    used 10285K, capacity 10426K, committed 10428K, reserved 1048576K
Event: 200.132 GC heap after
Heap after GC invocations=37 (full 10):
 PSYoungGen      total 2924032K, used 1648128K [0x0000000595580000, 0x00000006dd780000, 0x00000007c0000000)
  eden space 914944K, 0% used [0x0000000595580000,0x0000000595580000,0x00000005cd300000)
  from space 2009088K, 82% used [0x00000005cd300000,0x0000000631c80000,0x0000000647d00000)
  to   space 2169856K, 0% used [0x0000000659080000,0x0000000659080000,0x00000006dd780000)
 ParOldGen       total 13604864K, used 11095460K [0x0000000140000000, 0x000000047e600000, 0x0000000595580000)
  object space 13604864K, 81% used [0x0000000140000000,0x00000003e5369320,0x000000047e600000)
 Metaspace       used 70118K, capacity 70650K, committed 70804K, reserved 1110016K
  class space    used 10285K, capacity 10426K, committed 10428K, reserved 1048576K
}
Event: 200.808 GC heap before
{Heap before GC invocations=38 (full 10):
 PSYoungGen      total 2924032K, used 2563072K [0x0000000595580000, 0x00000006dd780000, 0x00000007c0000000)
  eden space 914944K, 100% used [0x0000000595580000,0x00000005cd300000,0x00000005cd300000)
  from space 2009088K, 82% used [0x00000005cd300000,0x0000000631c80000,0x0000000647d00000)
  to   space 2169856K, 0% used [0x0000000659080000,0x0000000659080000,0x00000006dd780000)
 ParOldGen       total 13604864K, used 11095460K [0x0000000140000000, 0x000000047e600000, 0x0000000595580000)
  object space 13604864K, 81% used [0x0000000140000000,0x00000003e5369320,0x000000047e600000)
 Metaspace       used 70119K, capacity 70650K, committed 70804K, reserved 1110016K
  class space    used 10285K, capacity 10426K, committed 10428K, reserved 1048576K
Event: 201.954 GC heap after
Heap after GC invocations=38 (full 10):
 PSYoungGen      total 2743808K, used 2169856K [0x0000000595580000, 0x0000000716680000, 0x00000007c0000000)
  eden space 573952K, 0% used [0x0000000595580000,0x0000000595580000,0x00000005b8600000)
  from space 2169856K, 100% used [0x0000000659080000,0x00000006dd780000,0x00000006dd780000)
  to   space 2632192K, 0% used [0x00000005b8600000,0x00000005b8600000,0x0000000659080000)
 ParOldGen       total 13604864K, used 11486150K [0x0000000140000000, 0x000000047e600000, 0x0000000595580000)
  object space 13604864K, 84% used [0x0000000140000000,0x00000003fd0f1a30,0x000000047e600000)
 Metaspace       used 70119K, capacity 70650K, committed 70804K, reserved 1110016K
  class space    used 10285K, capacity 10426K, committed 10428K, reserved 1048576K
}
Event: 202.427 GC heap before
{Heap before GC invocations=39 (full 10):
 PSYoungGen      total 2743808K, used 2743808K [0x0000000595580000, 0x0000000716680000, 0x00000007c0000000)
  eden space 573952K, 100% used [0x0000000595580000,0x00000005b8600000,0x00000005b8600000)
  from space 2169856K, 100% used [0x0000000659080000,0x00000006dd780000,0x00000006dd780000)
  to   space 2632192K, 0% used [0x00000005b8600000,0x00000005b8600000,0x0000000659080000)
 ParOldGen       total 13604864K, used 11486150K [0x0000000140000000, 0x000000047e600000, 0x0000000595580000)
  object space 13604864K, 84% used [0x0000000140000000,0x00000003fd0f1a30,0x000000047e600000)
 Metaspace       used 70119K, capacity 70650K, committed 70804K, reserved 1110016K
  class space    used 10285K, capacity 10426K, committed 10428K, reserved 1048576K
Event: 204.096 GC heap after
Heap after GC invocations=39 (full 10):
 PSYoungGen      total 3206144K, used 2297536K [0x0000000595580000, 0x0000000721280000, 0x00000007c0000000)
  eden space 573952K, 0% used [0x0000000595580000,0x0000000595580000,0x00000005b8600000)
  from space 2632192K, 87% used [0x00000005b8600000,0x00000006449b0000,0x0000000659080000)
  to   space 2908672K, 0% used [0x000000066fa00000,0x000000066fa00000,0x0000000721280000)
 ParOldGen       total 13604864K, used 11939334K [0x0000000140000000, 0x000000047e600000, 0x0000000595580000)
  object space 13604864K, 87% used [0x0000000140000000,0x0000000418b81a90,0x000000047e600000)
 Metaspace       used 70119K, capacity 70650K, committed 70804K, reserved 1110016K
  class space    used 10285K, capacity 10426K, committed 10428K, reserved 1048576K
}
Event: 204.555 GC heap before
{Heap before GC invocations=40 (full 10):
 PSYoungGen      total 3206144K, used 2871488K [0x0000000595580000, 0x0000000721280000, 0x00000007c0000000)
  eden space 573952K, 100% used [0x0000000595580000,0x00000005b8600000,0x00000005b8600000)
  from space 2632192K, 87% used [0x00000005b8600000,0x00000006449b0000,0x0000000659080000)
  to   space 2908672K, 0% used [0x000000066fa00000,0x000000066fa00000,0x0000000721280000)
 ParOldGen       total 13604864K, used 11939334K [0x0000000140000000, 0x000000047e600000, 0x0000000595580000)
  object space 13604864K, 87% used [0x0000000140000000,0x0000000418b81a90,0x000000047e600000)
 Metaspace       used 70119K, capacity 70650K, committed 70804K, reserved 1110016K
  class space    used 10285K, capacity 10426K, committed 10428K, reserved 1048576K
Event: 206.198 GC heap after
Heap after GC invocations=40 (full 10):
 PSYoungGen      total 3473408K, used 1985920K [0x0000000595580000, 0x000000072e580000, 0x00000007c0000000)
  eden space 564736K, 0% used [0x0000000595580000,0x0000000595580000,0x00000005b7d00000)
  from space 2908672K, 68% used [0x000000066fa00000,0x00000006e8d60000,0x0000000721280000)
  to   space 3011584K, 0% used [0x00000005b7d00000,0x00000005b7d00000,0x000000066fa00000)
 ParOldGen       total 13604864K, used 12868463K [0x0000000140000000, 0x000000047e600000, 0x0000000595580000)
  object space 13604864K, 94% used [0x0000000140000000,0x00000004516dbf08,0x000000047e600000)
 Metaspace       used 70119K, capacity 70650K, committed 70804K, reserved 1110016K
  class space    used 10285K, capacity 10426K, committed 10428K, reserved 1048576K
}
Event: 206.198 GC heap before
{Heap before GC invocations=41 (full 11):
 PSYoungGen      total 3473408K, used 1985920K [0x0000000595580000, 0x000000072e580000, 0x00000007c0000000)
  eden space 564736K, 0% used [0x0000000595580000,0x0000000595580000,0x00000005b7d00000)
  from space 2908672K, 68% used [0x000000066fa00000,0x00000006e8d60000,0x0000000721280000)
  to   space 3011584K, 0% used [0x00000005b7d00000,0x00000005b7d00000,0x000000066fa00000)
 ParOldGen       total 13604864K, used 12868463K [0x0000000140000000, 0x000000047e600000, 0x0000000595580000)
  object space 13604864K, 94% used [0x0000000140000000,0x00000004516dbf08,0x000000047e600000)
 Metaspace       used 70119K, capacity 70650K, committed 70804K, reserved 1110016K
  class space    used 10285K, capacity 10426K, committed 10428K, reserved 1048576K

