# JRE version: Java(TM) SE Runtime Environment (8.0_45-b14) (build 1.8.0_45-b14)
# Java VM: Java HotSpot(TM) 64-Bit Server VM (25.45-b02 mixed mode linux-amd64 compressed oops)
Heap:
 PSYoungGen      total 3949568K, used 710641K [0x0000000595580000, 0x000000072ac00000, 0x00000007c0000000)
  eden space 1172992K, 0% used [0x0000000595580000,0x0000000595580000,0x00000005dcf00000)
  from space 2776576K, 25% used [0x00000005dcf00000,0x00000006084fc790,0x0000000686680000)
  to   space 2628096K, 0% used [0x000000068a580000,0x000000068a580000,0x000000072ac00000)
 ParOldGen       total 13158400K, used 13158020K [0x0000000140000000, 0x0000000463200000, 0x0000000595580000)
  object space 13158400K, 99% used [0x0000000140000000,0x00000004631a1160,0x0000000463200000)
 Metaspace       used 69527K, capacity 70094K, committed 70232K, reserved 1110016K
  class space    used 10195K, capacity 10327K, committed 10368K, reserved 1048576K
GC Heap History (10 events):
Event: 162.031 GC heap after
Heap after GC invocations=27 (full 7):
 PSYoungGen      total 3585024K, used 1241702K [0x0000000595580000, 0x00000006f8480000, 0x00000007c0000000)
  eden space 1503232K, 0% used [0x0000000595580000,0x0000000595580000,0x00000005f1180000)
  from space 2081792K, 59% used [0x0000000672b80000,0x00000006be819ba8,0x00000006f1c80000)
  to   space 2123776K, 0% used [0x00000005f1180000,0x00000005f1180000,0x0000000672b80000)
 ParOldGen       total 9151488K, used 9144050K [0x0000000140000000, 0x000000036e900000, 0x0000000595580000)
  object space 9151488K, 99% used [0x0000000140000000,0x000000036e1bc888,0x000000036e900000)
 Metaspace       used 69524K, capacity 70094K, committed 70232K, reserved 1110016K
  class space    used 10195K, capacity 10327K, committed 10368K, reserved 1048576K
}
Event: 162.031 GC heap before
{Heap before GC invocations=28 (full 8):
 PSYoungGen      total 3585024K, used 1241702K [0x0000000595580000, 0x00000006f8480000, 0x00000007c0000000)
  eden space 1503232K, 0% used [0x0000000595580000,0x0000000595580000,0x00000005f1180000)
  from space 2081792K, 59% used [0x0000000672b80000,0x00000006be819ba8,0x00000006f1c80000)
  to   space 2123776K, 0% used [0x00000005f1180000,0x00000005f1180000,0x0000000672b80000)
 ParOldGen       total 9151488K, used 9144050K [0x0000000140000000, 0x000000036e900000, 0x0000000595580000)
  object space 9151488K, 99% used [0x0000000140000000,0x000000036e1bc888,0x000000036e900000)
 Metaspace       used 69524K, capacity 70094K, committed 70232K, reserved 1110016K
  class space    used 10195K, capacity 10327K, committed 10368K, reserved 1048576K
Event: 172.916 GC heap after
Heap after GC invocations=28 (full 8):
 PSYoungGen      total 3585024K, used 929831K [0x0000000595580000, 0x00000006f8480000, 0x00000007c0000000)
  eden space 1503232K, 0% used [0x0000000595580000,0x0000000595580000,0x00000005f1180000)
  from space 2081792K, 44% used [0x0000000672b80000,0x00000006ab789da0,0x00000006f1c80000)
  to   space 2123776K, 0% used [0x00000005f1180000,0x00000005f1180000,0x0000000672b80000)
 ParOldGen       total 12620800K, used 9151367K [0x0000000140000000, 0x0000000442500000, 0x0000000595580000)
  object space 12620800K, 72% used [0x0000000140000000,0x000000036e8e1c48,0x0000000442500000)
 Metaspace       used 69524K, capacity 70094K, committed 70232K, reserved 1110016K
  class space    used 10195K, capacity 10327K, committed 10368K, reserved 1048576K
}
Event: 174.333 GC heap before
{Heap before GC invocations=29 (full 8):
 PSYoungGen      total 3585024K, used 2433063K [0x0000000595580000, 0x00000006f8480000, 0x00000007c0000000)
  eden space 1503232K, 100% used [0x0000000595580000,0x00000005f1180000,0x00000005f1180000)
  from space 2081792K, 44% used [0x0000000672b80000,0x00000006ab789da0,0x00000006f1c80000)
  to   space 2123776K, 0% used [0x00000005f1180000,0x00000005f1180000,0x0000000672b80000)
 ParOldGen       total 12620800K, used 9151367K [0x0000000140000000, 0x0000000442500000, 0x0000000595580000)
  object space 12620800K, 72% used [0x0000000140000000,0x000000036e8e1c48,0x0000000442500000)
 Metaspace       used 69527K, capacity 70094K, committed 70232K, reserved 1110016K
  class space    used 10195K, capacity 10327K, committed 10368K, reserved 1048576K
Event: 174.966 GC heap after
Heap after GC invocations=29 (full 8):
 PSYoungGen      total 3627008K, used 1342147K [0x0000000595580000, 0x000000070bd80000, 0x00000007c0000000)
  eden space 1503232K, 0% used [0x0000000595580000,0x0000000595580000,0x00000005f1180000)
  from space 2123776K, 63% used [0x00000005f1180000,0x0000000643030fc8,0x0000000672b80000)
  to   space 2186240K, 0% used [0x0000000686680000,0x0000000686680000,0x000000070bd80000)
 ParOldGen       total 12620800K, used 10175110K [0x0000000140000000, 0x0000000442500000, 0x0000000595580000)
  object space 12620800K, 80% used [0x0000000140000000,0x00000003ad0a19d0,0x0000000442500000)
 Metaspace       used 69527K, capacity 70094K, committed 70232K, reserved 1110016K
  class space    used 10195K, capacity 10327K, committed 10368K, reserved 1048576K
}
Event: 176.167 GC heap before
{Heap before GC invocations=30 (full 8):
 PSYoungGen      total 3627008K, used 2845379K [0x0000000595580000, 0x000000070bd80000, 0x00000007c0000000)
  eden space 1503232K, 100% used [0x0000000595580000,0x00000005f1180000,0x00000005f1180000)
  from space 2123776K, 63% used [0x00000005f1180000,0x0000000643030fc8,0x0000000672b80000)
  to   space 2186240K, 0% used [0x0000000686680000,0x0000000686680000,0x000000070bd80000)
 ParOldGen       total 12620800K, used 10175110K [0x0000000140000000, 0x0000000442500000, 0x0000000595580000)
  object space 12620800K, 80% used [0x0000000140000000,0x00000003ad0a19d0,0x0000000442500000)
 Metaspace       used 69527K, capacity 70094K, committed 70232K, reserved 1110016K
  class space    used 10195K, capacity 10327K, committed 10368K, reserved 1048576K
Event: 176.726 GC heap after
Heap after GC invocations=30 (full 8):
 PSYoungGen      total 3359232K, used 2186211K [0x0000000595580000, 0x0000000753f00000, 0x00000007c0000000)
  eden space 1172992K, 0% used [0x0000000595580000,0x0000000595580000,0x00000005dcf00000)
  from space 2186240K, 99% used [0x0000000686680000,0x000000070bd78fc8,0x000000070bd80000)
  to   space 2776576K, 0% used [0x00000005dcf00000,0x00000005dcf00000,0x0000000686680000)
 ParOldGen       total 12620800K, used 10813089K [0x0000000140000000, 0x0000000442500000, 0x0000000595580000)
  object space 12620800K, 85% used [0x0000000140000000,0x00000003d3fa8530,0x0000000442500000)
 Metaspace       used 69527K, capacity 70094K, committed 70232K, reserved 1110016K
  class space    used 10195K, capacity 10327K, committed 10368K, reserved 1048576K
}
Event: 177.649 GC heap before
{Heap before GC invocations=31 (full 8):
 PSYoungGen      total 3359232K, used 3359203K [0x0000000595580000, 0x0000000753f00000, 0x00000007c0000000)
  eden space 1172992K, 100% used [0x0000000595580000,0x00000005dcf00000,0x00000005dcf00000)
  from space 2186240K, 99% used [0x0000000686680000,0x000000070bd78fc8,0x000000070bd80000)
  to   space 2776576K, 0% used [0x00000005dcf00000,0x00000005dcf00000,0x0000000686680000)
 ParOldGen       total 12620800K, used 10813089K [0x0000000140000000, 0x0000000442500000, 0x0000000595580000)
  object space 12620800K, 85% used [0x0000000140000000,0x00000003d3fa8530,0x0000000442500000)
 Metaspace       used 69527K, capacity 70094K, committed 70232K, reserved 1110016K
  class space    used 10195K, capacity 10327K, committed 10368K, reserved 1048576K
Event: 178.316 GC heap after
Heap after GC invocations=31 (full 8):
 PSYoungGen      total 3949568K, used 1129088K [0x0000000595580000, 0x000000072ac00000, 0x00000007c0000000)
  eden space 1172992K, 0% used [0x0000000595580000,0x0000000595580000,0x00000005dcf00000)
  from space 2776576K, 40% used [0x00000005dcf00000,0x0000000621da0000,0x0000000686680000)
  to   space 2628096K, 0% used [0x000000068a580000,0x000000068a580000,0x000000072ac00000)
 ParOldGen       total 13158400K, used 13154193K [0x0000000140000000, 0x0000000463200000, 0x0000000595580000)
  object space 13158400K, 99% used [0x0000000140000000,0x0000000462de4550,0x0000000463200000)
 Metaspace       used 69527K, capacity 70094K, committed 70232K, reserved 1110016K
  class space    used 10195K, capacity 10327K, committed 10368K, reserved 1048576K
}
Event: 178.316 GC heap before
{Heap before GC invocations=32 (full 9):
 PSYoungGen      total 3949568K, used 1129088K [0x0000000595580000, 0x000000072ac00000, 0x00000007c0000000)
  eden space 1172992K, 0% used [0x0000000595580000,0x0000000595580000,0x00000005dcf00000)
  from space 2776576K, 40% used [0x00000005dcf00000,0x0000000621da0000,0x0000000686680000)
  to   space 2628096K, 0% used [0x000000068a580000,0x000000068a580000,0x000000072ac00000)
 ParOldGen       total 13158400K, used 13154193K [0x0000000140000000, 0x0000000463200000, 0x0000000595580000)
  object space 13158400K, 99% used [0x0000000140000000,0x0000000462de4550,0x0000000463200000)
 Metaspace       used 69527K, capacity 70094K, committed 70232K, reserved 1110016K
  class space    used 10195K, capacity 10327K, committed 10368K, reserved 1048576K

